0 info it worked if it ends with ok
1 verbose cli [ '/Users/wen/.nvm/versions/node/v7.0.0/bin/node',
1 verbose cli   '/Users/wen/.nvm/versions/node/v7.0.0/bin/npm',
1 verbose cli   'run',
1 verbose cli   'server' ]
2 info using npm@3.10.8
3 info using node@v7.0.0
4 verbose run-script [ 'preserver', 'server', 'postserver' ]
5 info lifecycle koa2_vue2-boilerplate@1.0.0~preserver: koa2_vue2-boilerplate@1.0.0
6 silly lifecycle koa2_vue2-boilerplate@1.0.0~preserver: no script for preserver, continuing
7 info lifecycle koa2_vue2-boilerplate@1.0.0~server: koa2_vue2-boilerplate@1.0.0
8 verbose lifecycle koa2_vue2-boilerplate@1.0.0~server: unsafe-perm in lifecycle true
9 verbose lifecycle koa2_vue2-boilerplate@1.0.0~server: PATH: /Users/wen/.nvm/versions/node/v7.0.0/lib/node_modules/npm/bin/node-gyp-bin:/Users/wen/work_on/koa2_vue2-boilerplate/node_modules/.bin:/Users/wen/.nvm/versions/node/v7.0.0/lib/node_modules/npm/bin/node-gyp-bin:/Users/wen/work_on/koa2_vue2-boilerplate/node_modules/.bin:/Users/wen/Library/Android/sdk//platform-tools/:/Users/wen/.nvm/versions/node/v7.0.0/bin:/usr/local/bin:/usr/bin:/bin:/usr/sbin:/sbin:/usr/local/git/bin:/Users/wen/go/bin
10 verbose lifecycle koa2_vue2-boilerplate@1.0.0~server: CWD: /Users/wen/work_on/koa2_vue2-boilerplate
11 silly lifecycle koa2_vue2-boilerplate@1.0.0~server: Args: [ '-c', 'npm run lint && babel-node server/bin' ]
12 silly lifecycle koa2_vue2-boilerplate@1.0.0~server: Returned: code: 1  signal: null
13 info lifecycle koa2_vue2-boilerplate@1.0.0~server: Failed to exec server script
14 verbose stack Error: koa2_vue2-boilerplate@1.0.0 server: `npm run lint && babel-node server/bin`
14 verbose stack Exit status 1
14 verbose stack     at EventEmitter.<anonymous> (/Users/wen/.nvm/versions/node/v7.0.0/lib/node_modules/npm/lib/utils/lifecycle.js:255:16)
14 verbose stack     at emitTwo (events.js:106:13)
14 verbose stack     at EventEmitter.emit (events.js:191:7)
14 verbose stack     at ChildProcess.<anonymous> (/Users/wen/.nvm/versions/node/v7.0.0/lib/node_modules/npm/lib/utils/spawn.js:40:14)
14 verbose stack     at emitTwo (events.js:106:13)
14 verbose stack     at ChildProcess.emit (events.js:191:7)
14 verbose stack     at maybeClose (internal/child_process.js:877:16)
14 verbose stack     at Process.ChildProcess._handle.onexit (internal/child_process.js:226:5)
15 verbose pkgid koa2_vue2-boilerplate@1.0.0
16 verbose cwd /Users/wen/work_on/koa2_vue2-boilerplate
17 error Darwin 16.1.0
18 error argv "/Users/wen/.nvm/versions/node/v7.0.0/bin/node" "/Users/wen/.nvm/versions/node/v7.0.0/bin/npm" "run" "server"
19 error node v7.0.0
20 error npm  v3.10.8
21 error code ELIFECYCLE
22 error koa2_vue2-boilerplate@1.0.0 server: `npm run lint && babel-node server/bin`
22 error Exit status 1
23 error Failed at the koa2_vue2-boilerplate@1.0.0 server script 'npm run lint && babel-node server/bin'.
23 error Make sure you have the latest version of node.js and npm installed.
23 error If you do, this is most likely a problem with the koa2_vue2-boilerplate package,
23 error not with npm itself.
23 error Tell the author that this fails on your system:
23 error     npm run lint && babel-node server/bin
23 error You can get information on how to open an issue for this project with:
23 error     npm bugs koa2_vue2-boilerplate
23 error Or if that isn't available, you can get their info via:
23 error     npm owner ls koa2_vue2-boilerplate
23 error There is likely additional logging output above.
24 verbose exit [ 1, true ]
